17227 [JavaFX Application Thread] INFO  o.b.f.f.controllers.UserController - UserController initialized
19632 [JavaFX Application Thread] INFO  o.b.f.f.c.UserCreateController - PersonCreateController initialized
16713 [JavaFX Application Thread] INFO  o.b.f.f.controllers.UserController - UserController initialized
19300 [JavaFX Application Thread] INFO  o.b.f.f.c.UserCreateController - PersonCreateController initialized
47922 [JavaFX Application Thread] INFO  o.b.f.f.controllers.UserController - UserController initialized
49911 [JavaFX Application Thread] INFO  o.b.f.f.c.UserCreateController - PersonCreateController initialized
10988 [JavaFX Application Thread] INFO  o.b.f.f.controllers.UserController - UserController initialized
13025 [JavaFX Application Thread] INFO  o.b.f.f.c.UserCreateController - PersonCreateController initialized
10970 [JavaFX Application Thread] INFO  o.b.f.f.controllers.UserController - UserController initialized
13180 [JavaFX Application Thread] INFO  o.b.f.f.c.UserCreateController - PersonCreateController initialized
11410 [JavaFX Application Thread] INFO  o.b.f.f.controllers.UserController - UserController initialized
13235 [JavaFX Application Thread] INFO  o.b.f.f.c.UserCreateController - PersonCreateController initialized
10041 [JavaFX Application Thread] INFO  o.b.f.f.controllers.UserController - UserController initialized
11357 [JavaFX Application Thread] INFO  o.b.f.f.c.UserCreateController - PersonCreateController initialized
10959 [JavaFX Application Thread] INFO  o.b.f.f.controllers.UserController - UserController initialized
13243 [JavaFX Application Thread] INFO  o.b.f.f.c.UserCreateController - PersonCreateController initialized
10555 [JavaFX Application Thread] INFO  o.b.f.f.controllers.UserController - UserController initialized
12428 [JavaFX Application Thread] INFO  o.b.f.f.c.UserCreateController - PersonCreateController initialized
11573 [JavaFX Application Thread] INFO  o.b.f.f.controllers.UserController - UserController initialized
13602 [JavaFX Application Thread] INFO  o.b.f.f.c.UserCreateController - PersonCreateController initialized
10694 [JavaFX Application Thread] INFO  o.b.f.f.controllers.UserController - UserController initialized
12144 [JavaFX Application Thread] INFO  o.b.f.f.c.UserCreateController - PersonCreateController initialized
13039 [JavaFX Application Thread] INFO  o.b.f.f.controllers.UserController - UserController initialized
14441 [JavaFX Application Thread] INFO  o.b.f.f.c.UserCreateController - PersonCreateController initialized
179877 [JavaFX Application Thread] INFO  o.b.f.f.controllers.UserController - UserController initialized
181512 [JavaFX Application Thread] INFO  o.b.f.f.c.UserCreateController - PersonCreateController initialized
10633 [JavaFX Application Thread] INFO  o.b.f.f.controllers.UserController - UserController initialized
12540 [JavaFX Application Thread] INFO  o.b.f.f.c.UserCreateController - PersonCreateController initialized
10480 [JavaFX Application Thread] INFO  o.b.f.f.controllers.UserController - UserController initialized
14892 [JavaFX Application Thread] INFO  o.b.f.f.c.UserCreateController - UserInfoController initialized
21569 [JavaFX Application Thread] INFO  o.b.f.f.controllers.UserController - UserController initialized
35561 [JavaFX Application Thread] INFO  o.b.f.f.c.UserCreateController - UserInfoController initialized
42378 [JavaFX Application Thread] INFO  o.b.f.f.controllers.UserController - UserController initialized
12430 [JavaFX Application Thread] INFO  o.b.f.f.controllers.UserController - UserController initialized
25796 [JavaFX Application Thread] INFO  o.b.f.f.c.UserCreateController - UserInfoController initialized
41273 [JavaFX Application Thread] INFO  o.b.f.f.controllers.UserController - UserController initialized
13903 [JavaFX Application Thread] INFO  o.b.f.f.controllers.UserController - UserController initialized
14777 [JavaFX Application Thread] INFO  o.b.f.f.controllers.UserController - UserController initialized
17843 [JavaFX Application Thread] INFO  o.b.f.f.c.UserDeleteController - UserInfoController initialized
21053 [JavaFX Application Thread] INFO  o.b.f.f.controllers.SDController - Successfull Delete Controller initialized
105751 [JavaFX Application Thread] INFO  o.b.f.f.controllers.USDController - Unsuccessfull Delete Controller initialized
107116 [JavaFX Application Thread] INFO  o.b.f.f.controllers.USDController - Unsuccessfull Delete Controller initialized
107787 [JavaFX Application Thread] INFO  o.b.f.f.controllers.USDController - Unsuccessfull Delete Controller initialized
108155 [JavaFX Application Thread] INFO  o.b.f.f.controllers.USDController - Unsuccessfull Delete Controller initialized
11866 [JavaFX Application Thread] INFO  o.b.f.f.controllers.UserController - UserController initialized
14953 [JavaFX Application Thread] INFO  o.b.f.f.c.UserDeleteController - UserInfoController initialized
17470 [JavaFX Application Thread] INFO  o.b.f.f.controllers.USDController - Unsuccessfull Delete Controller initialized
10983 [JavaFX Application Thread] INFO  o.b.f.f.controllers.UserController - UserController initialized
12462 [JavaFX Application Thread] INFO  o.b.f.f.c.UserDeleteController - UserInfoController initialized
16868 [JavaFX Application Thread] INFO  o.b.f.f.controllers.SDController - Successfull Delete Controller initialized
19266 [JavaFX Application Thread] INFO  o.b.f.f.controllers.UserController - UserController initialized
21258 [JavaFX Application Thread] INFO  o.b.f.f.c.UserDeleteController - UserInfoController initialized
24096 [JavaFX Application Thread] INFO  o.b.f.f.controllers.USDController - Unsuccessfull Delete Controller initialized
13099 [JavaFX Application Thread] INFO  o.b.f.f.controllers.UserController - UserController initialized
15295 [JavaFX Application Thread] INFO  o.b.f.f.c.UserDeleteController - UserInfoController initialized
18142 [JavaFX Application Thread] INFO  o.b.f.f.controllers.UserController - UserController initialized
19123 [JavaFX Application Thread] INFO  o.b.f.f.controllers.UserController - UserController initialized
19594 [JavaFX Application Thread] INFO  o.b.f.f.controllers.UserController - UserController initialized
19823 [JavaFX Application Thread] INFO  o.b.f.f.controllers.UserController - UserController initialized
20072 [JavaFX Application Thread] INFO  o.b.f.f.controllers.UserController - UserController initialized
12127 [JavaFX Application Thread] INFO  o.b.f.f.controllers.UserController - UserController initialized
15304 [JavaFX Application Thread] INFO  o.b.f.f.c.UserDeleteController - UserInfoController initialized
19601 [JavaFX Application Thread] INFO  o.b.f.f.controllers.UserController - UserController initialized
11906 [JavaFX Application Thread] INFO  o.b.f.f.controllers.UserController - UserController initialized
13566 [JavaFX Application Thread] INFO  o.b.f.f.c.UserDeleteController - UserInfoController initialized
16534 [JavaFX Application Thread] INFO  o.b.f.f.controllers.UserController - UserController initialized
17348 [JavaFX Application Thread] INFO  o.b.f.f.controllers.UserController - UserController initialized
17577 [JavaFX Application Thread] INFO  o.b.f.f.controllers.UserController - UserController initialized
17768 [JavaFX Application Thread] INFO  o.b.f.f.controllers.UserController - UserController initialized
17946 [JavaFX Application Thread] INFO  o.b.f.f.controllers.UserController - UserController initialized
18128 [JavaFX Application Thread] INFO  o.b.f.f.controllers.UserController - UserController initialized
18376 [JavaFX Application Thread] INFO  o.b.f.f.controllers.UserController - UserController initialized
11321 [JavaFX Application Thread] INFO  o.b.f.f.controllers.UserController - UserController initialized
13386 [JavaFX Application Thread] ERROR o.b.f.f.controllers.LoginController - 
file:/C:/Users/Admin/Desktop/fekt/BDS/3%20projekt/bds-football-db-project-java-GUI/target/bds-football-db-project-java-GUI-1.0.0.jar!/org/but/feec/footballdb/fxml/UserDelete.fxml

javafx.fxml.LoadException: 
file:/C:/Users/Admin/Desktop/fekt/BDS/3%20projekt/bds-football-db-project-java-GUI/target/bds-football-db-project-java-GUI-1.0.0.jar!/org/but/feec/footballdb/fxml/UserDelete.fxml

	at javafx.fxml.FXMLLoader.constructLoadException(FXMLLoader.java:2707)
	at javafx.fxml.FXMLLoader.loadImpl(FXMLLoader.java:2677)
	at javafx.fxml.FXMLLoader.loadImpl(FXMLLoader.java:2548)
	at javafx.fxml.FXMLLoader.load(FXMLLoader.java:2517)
	at org.but.feec.footballdb.controllers.UserController.handleDeleteUserButton(UserController.java:192)
	at java.base/jdk.internal.reflect.NativeMethodAccessorImpl.invoke0(Native Method)
	at java.base/jdk.internal.reflect.NativeMethodAccessorImpl.invoke(NativeMethodAccessorImpl.java:62)
	at java.base/jdk.internal.reflect.DelegatingMethodAccessorImpl.invoke(DelegatingMethodAccessorImpl.java:43)
	at java.base/java.lang.reflect.Method.invoke(Method.java:566)
	at com.sun.javafx.reflect.Trampoline.invoke(MethodUtil.java:76)
	at jdk.internal.reflect.GeneratedMethodAccessor5.invoke(Unknown Source)
	at java.base/jdk.internal.reflect.DelegatingMethodAccessorImpl.invoke(DelegatingMethodAccessorImpl.java:43)
	at java.base/java.lang.reflect.Method.invoke(Method.java:566)
	at com.sun.javafx.reflect.MethodUtil.invoke(MethodUtil.java:273)
	at com.sun.javafx.fxml.MethodHelper.invoke(MethodHelper.java:83)
	at javafx.fxml.FXMLLoader$MethodHandler.invoke(FXMLLoader.java:1857)
	at javafx.fxml.FXMLLoader$ControllerMethodEventHandler.handle(FXMLLoader.java:1729)
	at com.sun.javafx.event.CompositeEventHandler.dispatchBubblingEvent(CompositeEventHandler.java:86)
	at com.sun.javafx.event.EventHandlerManager.dispatchBubblingEvent(EventHandlerManager.java:234)
	at com.sun.javafx.event.EventHandlerManager.dispatchBubblingEvent(EventHandlerManager.java:191)
	at com.sun.javafx.event.CompositeEventDispatcher.dispatchBubblingEvent(CompositeEventDispatcher.java:59)
	at com.sun.javafx.event.BasicEventDispatcher.dispatchEvent(BasicEventDispatcher.java:58)
	at com.sun.javafx.event.EventDispatchChainImpl.dispatchEvent(EventDispatchChainImpl.java:114)
	at com.sun.javafx.event.BasicEventDispatcher.dispatchEvent(BasicEventDispatcher.java:56)
	at com.sun.javafx.event.EventDispatchChainImpl.dispatchEvent(EventDispatchChainImpl.java:114)
	at com.sun.javafx.event.BasicEventDispatcher.dispatchEvent(BasicEventDispatcher.java:56)
	at com.sun.javafx.event.EventDispatchChainImpl.dispatchEvent(EventDispatchChainImpl.java:114)
	at com.sun.javafx.event.BasicEventDispatcher.dispatchEvent(BasicEventDispatcher.java:56)
	at com.sun.javafx.event.EventDispatchChainImpl.dispatchEvent(EventDispatchChainImpl.java:114)
	at com.sun.javafx.event.BasicEventDispatcher.dispatchEvent(BasicEventDispatcher.java:56)
	at com.sun.javafx.event.EventDispatchChainImpl.dispatchEvent(EventDispatchChainImpl.java:114)
	at com.sun.javafx.event.BasicEventDispatcher.dispatchEvent(BasicEventDispatcher.java:56)
	at com.sun.javafx.event.EventDispatchChainImpl.dispatchEvent(EventDispatchChainImpl.java:114)
	at com.sun.javafx.event.EventUtil.fireEventImpl(EventUtil.java:74)
	at com.sun.javafx.event.EventUtil.fireEvent(EventUtil.java:49)
	at javafx.event.Event.fireEvent(Event.java:198)
	at javafx.scene.Node.fireEvent(Node.java:8889)
	at javafx.scene.control.Button.fire(Button.java:203)
	at com.sun.javafx.scene.control.behavior.ButtonBehavior.mouseReleased(ButtonBehavior.java:208)
	at com.sun.javafx.scene.control.inputmap.InputMap.handle(InputMap.java:274)
	at com.sun.javafx.event.CompositeEventHandler$NormalEventHandlerRecord.handleBubblingEvent(CompositeEventHandler.java:247)
	at com.sun.javafx.event.CompositeEventHandler.dispatchBubblingEvent(CompositeEventHandler.java:80)
	at com.sun.javafx.event.EventHandlerManager.dispatchBubblingEvent(EventHandlerManager.java:234)
	at com.sun.javafx.event.EventHandlerManager.dispatchBubblingEvent(EventHandlerManager.java:191)
	at com.sun.javafx.event.CompositeEventDispatcher.dispatchBubblingEvent(CompositeEventDispatcher.java:59)
	at com.sun.javafx.event.BasicEventDispatcher.dispatchEvent(BasicEventDispatcher.java:58)
	at com.sun.javafx.event.EventDispatchChainImpl.dispatchEvent(EventDispatchChainImpl.java:114)
	at com.sun.javafx.event.BasicEventDispatcher.dispatchEvent(BasicEventDispatcher.java:56)
	at com.sun.javafx.event.EventDispatchChainImpl.dispatchEvent(EventDispatchChainImpl.java:114)
	at com.sun.javafx.event.BasicEventDispatcher.dispatchEvent(BasicEventDispatcher.java:56)
	at com.sun.javafx.event.EventDispatchChainImpl.dispatchEvent(EventDispatchChainImpl.java:114)
	at com.sun.javafx.event.BasicEventDispatcher.dispatchEvent(BasicEventDispatcher.java:56)
	at com.sun.javafx.event.EventDispatchChainImpl.dispatchEvent(EventDispatchChainImpl.java:114)
	at com.sun.javafx.event.BasicEventDispatcher.dispatchEvent(BasicEventDispatcher.java:56)
	at com.sun.javafx.event.EventDispatchChainImpl.dispatchEvent(EventDispatchChainImpl.java:114)
	at com.sun.javafx.event.BasicEventDispatcher.dispatchEvent(BasicEventDispatcher.java:56)
	at com.sun.javafx.event.EventDispatchChainImpl.dispatchEvent(EventDispatchChainImpl.java:114)
	at com.sun.javafx.event.EventUtil.fireEventImpl(EventUtil.java:74)
	at com.sun.javafx.event.EventUtil.fireEvent(EventUtil.java:54)
	at javafx.event.Event.fireEvent(Event.java:198)
	at javafx.scene.Scene$MouseHandler.process(Scene.java:3856)
	at javafx.scene.Scene.processMouseEvent(Scene.java:1851)
	at javafx.scene.Scene$ScenePeerListener.mouseEvent(Scene.java:2584)
	at com.sun.javafx.tk.quantum.GlassViewEventHandler$MouseEventNotification.run(GlassViewEventHandler.java:409)
	at com.sun.javafx.tk.quantum.GlassViewEventHandler$MouseEventNotification.run(GlassViewEventHandler.java:299)
	at java.base/java.security.AccessController.doPrivileged(Native Method)
	at com.sun.javafx.tk.quantum.GlassViewEventHandler.lambda$handleMouseEvent$2(GlassViewEventHandler.java:447)
	at com.sun.javafx.tk.quantum.QuantumToolkit.runWithoutRenderLock(QuantumToolkit.java:412)
	at com.sun.javafx.tk.quantum.GlassViewEventHandler.handleMouseEvent(GlassViewEventHandler.java:446)
	at com.sun.glass.ui.View.handleMouseEvent(View.java:556)
	at com.sun.glass.ui.View.notifyMouse(View.java:942)
	at com.sun.glass.ui.win.WinApplication._runLoop(Native Method)
	at com.sun.glass.ui.win.WinApplication.lambda$runLoop$3(WinApplication.java:174)
	at java.base/java.lang.Thread.run(Thread.java:834)
Caused by: java.lang.reflect.InvocationTargetException: null
	at java.base/jdk.internal.reflect.NativeMethodAccessorImpl.invoke0(Native Method)
	at java.base/jdk.internal.reflect.NativeMethodAccessorImpl.invoke(NativeMethodAccessorImpl.java:62)
	at java.base/jdk.internal.reflect.DelegatingMethodAccessorImpl.invoke(DelegatingMethodAccessorImpl.java:43)
	at java.base/java.lang.reflect.Method.invoke(Method.java:566)
	at com.sun.javafx.reflect.Trampoline.invoke(MethodUtil.java:76)
	at jdk.internal.reflect.GeneratedMethodAccessor5.invoke(Unknown Source)
	at java.base/jdk.internal.reflect.DelegatingMethodAccessorImpl.invoke(DelegatingMethodAccessorImpl.java:43)
	at java.base/java.lang.reflect.Method.invoke(Method.java:566)
	at com.sun.javafx.reflect.MethodUtil.invoke(MethodUtil.java:273)
	at com.sun.javafx.fxml.MethodHelper.invoke(MethodHelper.java:83)
	at javafx.fxml.FXMLLoader.loadImpl(FXMLLoader.java:2673)
	... 72 common frames omitted
Caused by: java.lang.NullPointerException: null
	at org.but.feec.footballdb.controllers.UserDeleteController.initialize(UserDeleteController.java:53)
	... 83 common frames omitted
16399 [JavaFX Application Thread] ERROR o.b.f.f.controllers.LoginController - 
file:/C:/Users/Admin/Desktop/fekt/BDS/3%20projekt/bds-football-db-project-java-GUI/target/bds-football-db-project-java-GUI-1.0.0.jar!/org/but/feec/footballdb/fxml/UserDelete.fxml

javafx.fxml.LoadException: 
file:/C:/Users/Admin/Desktop/fekt/BDS/3%20projekt/bds-football-db-project-java-GUI/target/bds-football-db-project-java-GUI-1.0.0.jar!/org/but/feec/footballdb/fxml/UserDelete.fxml

	at javafx.fxml.FXMLLoader.constructLoadException(FXMLLoader.java:2707)
	at javafx.fxml.FXMLLoader.loadImpl(FXMLLoader.java:2677)
	at javafx.fxml.FXMLLoader.loadImpl(FXMLLoader.java:2548)
	at javafx.fxml.FXMLLoader.load(FXMLLoader.java:2517)
	at org.but.feec.footballdb.controllers.UserController.handleDeleteUserButton(UserController.java:192)
	at java.base/jdk.internal.reflect.NativeMethodAccessorImpl.invoke0(Native Method)
	at java.base/jdk.internal.reflect.NativeMethodAccessorImpl.invoke(NativeMethodAccessorImpl.java:62)
	at java.base/jdk.internal.reflect.DelegatingMethodAccessorImpl.invoke(DelegatingMethodAccessorImpl.java:43)
	at java.base/java.lang.reflect.Method.invoke(Method.java:566)
	at com.sun.javafx.reflect.Trampoline.invoke(MethodUtil.java:76)
	at jdk.internal.reflect.GeneratedMethodAccessor5.invoke(Unknown Source)
	at java.base/jdk.internal.reflect.DelegatingMethodAccessorImpl.invoke(DelegatingMethodAccessorImpl.java:43)
	at java.base/java.lang.reflect.Method.invoke(Method.java:566)
	at com.sun.javafx.reflect.MethodUtil.invoke(MethodUtil.java:273)
	at com.sun.javafx.fxml.MethodHelper.invoke(MethodHelper.java:83)
	at javafx.fxml.FXMLLoader$MethodHandler.invoke(FXMLLoader.java:1857)
	at javafx.fxml.FXMLLoader$ControllerMethodEventHandler.handle(FXMLLoader.java:1729)
	at com.sun.javafx.event.CompositeEventHandler.dispatchBubblingEvent(CompositeEventHandler.java:86)
	at com.sun.javafx.event.EventHandlerManager.dispatchBubblingEvent(EventHandlerManager.java:234)
	at com.sun.javafx.event.EventHandlerManager.dispatchBubblingEvent(EventHandlerManager.java:191)
	at com.sun.javafx.event.CompositeEventDispatcher.dispatchBubblingEvent(CompositeEventDispatcher.java:59)
	at com.sun.javafx.event.BasicEventDispatcher.dispatchEvent(BasicEventDispatcher.java:58)
	at com.sun.javafx.event.EventDispatchChainImpl.dispatchEvent(EventDispatchChainImpl.java:114)
	at com.sun.javafx.event.BasicEventDispatcher.dispatchEvent(BasicEventDispatcher.java:56)
	at com.sun.javafx.event.EventDispatchChainImpl.dispatchEvent(EventDispatchChainImpl.java:114)
	at com.sun.javafx.event.BasicEventDispatcher.dispatchEvent(BasicEventDispatcher.java:56)
	at com.sun.javafx.event.EventDispatchChainImpl.dispatchEvent(EventDispatchChainImpl.java:114)
	at com.sun.javafx.event.BasicEventDispatcher.dispatchEvent(BasicEventDispatcher.java:56)
	at com.sun.javafx.event.EventDispatchChainImpl.dispatchEvent(EventDispatchChainImpl.java:114)
	at com.sun.javafx.event.BasicEventDispatcher.dispatchEvent(BasicEventDispatcher.java:56)
	at com.sun.javafx.event.EventDispatchChainImpl.dispatchEvent(EventDispatchChainImpl.java:114)
	at com.sun.javafx.event.BasicEventDispatcher.dispatchEvent(BasicEventDispatcher.java:56)
	at com.sun.javafx.event.EventDispatchChainImpl.dispatchEvent(EventDispatchChainImpl.java:114)
	at com.sun.javafx.event.EventUtil.fireEventImpl(EventUtil.java:74)
	at com.sun.javafx.event.EventUtil.fireEvent(EventUtil.java:49)
	at javafx.event.Event.fireEvent(Event.java:198)
	at javafx.scene.Node.fireEvent(Node.java:8889)
	at javafx.scene.control.Button.fire(Button.java:203)
	at com.sun.javafx.scene.control.behavior.ButtonBehavior.mouseReleased(ButtonBehavior.java:208)
	at com.sun.javafx.scene.control.inputmap.InputMap.handle(InputMap.java:274)
	at com.sun.javafx.event.CompositeEventHandler$NormalEventHandlerRecord.handleBubblingEvent(CompositeEventHandler.java:247)
	at com.sun.javafx.event.CompositeEventHandler.dispatchBubblingEvent(CompositeEventHandler.java:80)
	at com.sun.javafx.event.EventHandlerManager.dispatchBubblingEvent(EventHandlerManager.java:234)
	at com.sun.javafx.event.EventHandlerManager.dispatchBubblingEvent(EventHandlerManager.java:191)
	at com.sun.javafx.event.CompositeEventDispatcher.dispatchBubblingEvent(CompositeEventDispatcher.java:59)
	at com.sun.javafx.event.BasicEventDispatcher.dispatchEvent(BasicEventDispatcher.java:58)
	at com.sun.javafx.event.EventDispatchChainImpl.dispatchEvent(EventDispatchChainImpl.java:114)
	at com.sun.javafx.event.BasicEventDispatcher.dispatchEvent(BasicEventDispatcher.java:56)
	at com.sun.javafx.event.EventDispatchChainImpl.dispatchEvent(EventDispatchChainImpl.java:114)
	at com.sun.javafx.event.BasicEventDispatcher.dispatchEvent(BasicEventDispatcher.java:56)
	at com.sun.javafx.event.EventDispatchChainImpl.dispatchEvent(EventDispatchChainImpl.java:114)
	at com.sun.javafx.event.BasicEventDispatcher.dispatchEvent(BasicEventDispatcher.java:56)
	at com.sun.javafx.event.EventDispatchChainImpl.dispatchEvent(EventDispatchChainImpl.java:114)
	at com.sun.javafx.event.BasicEventDispatcher.dispatchEvent(BasicEventDispatcher.java:56)
	at com.sun.javafx.event.EventDispatchChainImpl.dispatchEvent(EventDispatchChainImpl.java:114)
	at com.sun.javafx.event.BasicEventDispatcher.dispatchEvent(BasicEventDispatcher.java:56)
	at com.sun.javafx.event.EventDispatchChainImpl.dispatchEvent(EventDispatchChainImpl.java:114)
	at com.sun.javafx.event.EventUtil.fireEventImpl(EventUtil.java:74)
	at com.sun.javafx.event.EventUtil.fireEvent(EventUtil.java:54)
	at javafx.event.Event.fireEvent(Event.java:198)
	at javafx.scene.Scene$MouseHandler.process(Scene.java:3856)
	at javafx.scene.Scene.processMouseEvent(Scene.java:1851)
	at javafx.scene.Scene$ScenePeerListener.mouseEvent(Scene.java:2584)
	at com.sun.javafx.tk.quantum.GlassViewEventHandler$MouseEventNotification.run(GlassViewEventHandler.java:409)
	at com.sun.javafx.tk.quantum.GlassViewEventHandler$MouseEventNotification.run(GlassViewEventHandler.java:299)
	at java.base/java.security.AccessController.doPrivileged(Native Method)
	at com.sun.javafx.tk.quantum.GlassViewEventHandler.lambda$handleMouseEvent$2(GlassViewEventHandler.java:447)
	at com.sun.javafx.tk.quantum.QuantumToolkit.runWithoutRenderLock(QuantumToolkit.java:412)
	at com.sun.javafx.tk.quantum.GlassViewEventHandler.handleMouseEvent(GlassViewEventHandler.java:446)
	at com.sun.glass.ui.View.handleMouseEvent(View.java:556)
	at com.sun.glass.ui.View.notifyMouse(View.java:942)
	at com.sun.glass.ui.win.WinApplication._runLoop(Native Method)
	at com.sun.glass.ui.win.WinApplication.lambda$runLoop$3(WinApplication.java:174)
	at java.base/java.lang.Thread.run(Thread.java:834)
Caused by: java.lang.reflect.InvocationTargetException: null
	at java.base/jdk.internal.reflect.NativeMethodAccessorImpl.invoke0(Native Method)
	at java.base/jdk.internal.reflect.NativeMethodAccessorImpl.invoke(NativeMethodAccessorImpl.java:62)
	at java.base/jdk.internal.reflect.DelegatingMethodAccessorImpl.invoke(DelegatingMethodAccessorImpl.java:43)
	at java.base/java.lang.reflect.Method.invoke(Method.java:566)
	at com.sun.javafx.reflect.Trampoline.invoke(MethodUtil.java:76)
	at jdk.internal.reflect.GeneratedMethodAccessor5.invoke(Unknown Source)
	at java.base/jdk.internal.reflect.DelegatingMethodAccessorImpl.invoke(DelegatingMethodAccessorImpl.java:43)
	at java.base/java.lang.reflect.Method.invoke(Method.java:566)
	at com.sun.javafx.reflect.MethodUtil.invoke(MethodUtil.java:273)
	at com.sun.javafx.fxml.MethodHelper.invoke(MethodHelper.java:83)
	at javafx.fxml.FXMLLoader.loadImpl(FXMLLoader.java:2673)
	... 72 common frames omitted
Caused by: java.lang.NullPointerException: null
	at org.but.feec.footballdb.controllers.UserDeleteController.initialize(UserDeleteController.java:53)
	... 83 common frames omitted
20364 [JavaFX Application Thread] ERROR o.b.f.f.controllers.LoginController - 
file:/C:/Users/Admin/Desktop/fekt/BDS/3%20projekt/bds-football-db-project-java-GUI/target/bds-football-db-project-java-GUI-1.0.0.jar!/org/but/feec/footballdb/fxml/UserDelete.fxml

javafx.fxml.LoadException: 
file:/C:/Users/Admin/Desktop/fekt/BDS/3%20projekt/bds-football-db-project-java-GUI/target/bds-football-db-project-java-GUI-1.0.0.jar!/org/but/feec/footballdb/fxml/UserDelete.fxml

	at javafx.fxml.FXMLLoader.constructLoadException(FXMLLoader.java:2707)
	at javafx.fxml.FXMLLoader.loadImpl(FXMLLoader.java:2677)
	at javafx.fxml.FXMLLoader.loadImpl(FXMLLoader.java:2548)
	at javafx.fxml.FXMLLoader.load(FXMLLoader.java:2517)
	at org.but.feec.footballdb.controllers.UserController.handleDeleteUserButton(UserController.java:192)
	at java.base/jdk.internal.reflect.NativeMethodAccessorImpl.invoke0(Native Method)
	at java.base/jdk.internal.reflect.NativeMethodAccessorImpl.invoke(NativeMethodAccessorImpl.java:62)
	at java.base/jdk.internal.reflect.DelegatingMethodAccessorImpl.invoke(DelegatingMethodAccessorImpl.java:43)
	at java.base/java.lang.reflect.Method.invoke(Method.java:566)
	at com.sun.javafx.reflect.Trampoline.invoke(MethodUtil.java:76)
	at jdk.internal.reflect.GeneratedMethodAccessor5.invoke(Unknown Source)
	at java.base/jdk.internal.reflect.DelegatingMethodAccessorImpl.invoke(DelegatingMethodAccessorImpl.java:43)
	at java.base/java.lang.reflect.Method.invoke(Method.java:566)
	at com.sun.javafx.reflect.MethodUtil.invoke(MethodUtil.java:273)
	at com.sun.javafx.fxml.MethodHelper.invoke(MethodHelper.java:83)
	at javafx.fxml.FXMLLoader$MethodHandler.invoke(FXMLLoader.java:1857)
	at javafx.fxml.FXMLLoader$ControllerMethodEventHandler.handle(FXMLLoader.java:1729)
	at com.sun.javafx.event.CompositeEventHandler.dispatchBubblingEvent(CompositeEventHandler.java:86)
	at com.sun.javafx.event.EventHandlerManager.dispatchBubblingEvent(EventHandlerManager.java:234)
	at com.sun.javafx.event.EventHandlerManager.dispatchBubblingEvent(EventHandlerManager.java:191)
	at com.sun.javafx.event.CompositeEventDispatcher.dispatchBubblingEvent(CompositeEventDispatcher.java:59)
	at com.sun.javafx.event.BasicEventDispatcher.dispatchEvent(BasicEventDispatcher.java:58)
	at com.sun.javafx.event.EventDispatchChainImpl.dispatchEvent(EventDispatchChainImpl.java:114)
	at com.sun.javafx.event.BasicEventDispatcher.dispatchEvent(BasicEventDispatcher.java:56)
	at com.sun.javafx.event.EventDispatchChainImpl.dispatchEvent(EventDispatchChainImpl.java:114)
	at com.sun.javafx.event.BasicEventDispatcher.dispatchEvent(BasicEventDispatcher.java:56)
	at com.sun.javafx.event.EventDispatchChainImpl.dispatchEvent(EventDispatchChainImpl.java:114)
	at com.sun.javafx.event.BasicEventDispatcher.dispatchEvent(BasicEventDispatcher.java:56)
	at com.sun.javafx.event.EventDispatchChainImpl.dispatchEvent(EventDispatchChainImpl.java:114)
	at com.sun.javafx.event.BasicEventDispatcher.dispatchEvent(BasicEventDispatcher.java:56)
	at com.sun.javafx.event.EventDispatchChainImpl.dispatchEvent(EventDispatchChainImpl.java:114)
	at com.sun.javafx.event.BasicEventDispatcher.dispatchEvent(BasicEventDispatcher.java:56)
	at com.sun.javafx.event.EventDispatchChainImpl.dispatchEvent(EventDispatchChainImpl.java:114)
	at com.sun.javafx.event.EventUtil.fireEventImpl(EventUtil.java:74)
	at com.sun.javafx.event.EventUtil.fireEvent(EventUtil.java:49)
	at javafx.event.Event.fireEvent(Event.java:198)
	at javafx.scene.Node.fireEvent(Node.java:8889)
	at javafx.scene.control.Button.fire(Button.java:203)
	at com.sun.javafx.scene.control.behavior.ButtonBehavior.mouseReleased(ButtonBehavior.java:208)
	at com.sun.javafx.scene.control.inputmap.InputMap.handle(InputMap.java:274)
	at com.sun.javafx.event.CompositeEventHandler$NormalEventHandlerRecord.handleBubblingEvent(CompositeEventHandler.java:247)
	at com.sun.javafx.event.CompositeEventHandler.dispatchBubblingEvent(CompositeEventHandler.java:80)
	at com.sun.javafx.event.EventHandlerManager.dispatchBubblingEvent(EventHandlerManager.java:234)
	at com.sun.javafx.event.EventHandlerManager.dispatchBubblingEvent(EventHandlerManager.java:191)
	at com.sun.javafx.event.CompositeEventDispatcher.dispatchBubblingEvent(CompositeEventDispatcher.java:59)
	at com.sun.javafx.event.BasicEventDispatcher.dispatchEvent(BasicEventDispatcher.java:58)
	at com.sun.javafx.event.EventDispatchChainImpl.dispatchEvent(EventDispatchChainImpl.java:114)
	at com.sun.javafx.event.BasicEventDispatcher.dispatchEvent(BasicEventDispatcher.java:56)
	at com.sun.javafx.event.EventDispatchChainImpl.dispatchEvent(EventDispatchChainImpl.java:114)
	at com.sun.javafx.event.BasicEventDispatcher.dispatchEvent(BasicEventDispatcher.java:56)
	at com.sun.javafx.event.EventDispatchChainImpl.dispatchEvent(EventDispatchChainImpl.java:114)
	at com.sun.javafx.event.BasicEventDispatcher.dispatchEvent(BasicEventDispatcher.java:56)
	at com.sun.javafx.event.EventDispatchChainImpl.dispatchEvent(EventDispatchChainImpl.java:114)
	at com.sun.javafx.event.BasicEventDispatcher.dispatchEvent(BasicEventDispatcher.java:56)
	at com.sun.javafx.event.EventDispatchChainImpl.dispatchEvent(EventDispatchChainImpl.java:114)
	at com.sun.javafx.event.BasicEventDispatcher.dispatchEvent(BasicEventDispatcher.java:56)
	at com.sun.javafx.event.EventDispatchChainImpl.dispatchEvent(EventDispatchChainImpl.java:114)
	at com.sun.javafx.event.EventUtil.fireEventImpl(EventUtil.java:74)
	at com.sun.javafx.event.EventUtil.fireEvent(EventUtil.java:54)
	at javafx.event.Event.fireEvent(Event.java:198)
	at javafx.scene.Scene$MouseHandler.process(Scene.java:3856)
	at javafx.scene.Scene.processMouseEvent(Scene.java:1851)
	at javafx.scene.Scene$ScenePeerListener.mouseEvent(Scene.java:2584)
	at com.sun.javafx.tk.quantum.GlassViewEventHandler$MouseEventNotification.run(GlassViewEventHandler.java:409)
	at com.sun.javafx.tk.quantum.GlassViewEventHandler$MouseEventNotification.run(GlassViewEventHandler.java:299)
	at java.base/java.security.AccessController.doPrivileged(Native Method)
	at com.sun.javafx.tk.quantum.GlassViewEventHandler.lambda$handleMouseEvent$2(GlassViewEventHandler.java:447)
	at com.sun.javafx.tk.quantum.QuantumToolkit.runWithoutRenderLock(QuantumToolkit.java:412)
	at com.sun.javafx.tk.quantum.GlassViewEventHandler.handleMouseEvent(GlassViewEventHandler.java:446)
	at com.sun.glass.ui.View.handleMouseEvent(View.java:556)
	at com.sun.glass.ui.View.notifyMouse(View.java:942)
	at com.sun.glass.ui.win.WinApplication._runLoop(Native Method)
	at com.sun.glass.ui.win.WinApplication.lambda$runLoop$3(WinApplication.java:174)
	at java.base/java.lang.Thread.run(Thread.java:834)
Caused by: java.lang.reflect.InvocationTargetException: null
	at java.base/jdk.internal.reflect.NativeMethodAccessorImpl.invoke0(Native Method)
	at java.base/jdk.internal.reflect.NativeMethodAccessorImpl.invoke(NativeMethodAccessorImpl.java:62)
	at java.base/jdk.internal.reflect.DelegatingMethodAccessorImpl.invoke(DelegatingMethodAccessorImpl.java:43)
	at java.base/java.lang.reflect.Method.invoke(Method.java:566)
	at com.sun.javafx.reflect.Trampoline.invoke(MethodUtil.java:76)
	at jdk.internal.reflect.GeneratedMethodAccessor5.invoke(Unknown Source)
	at java.base/jdk.internal.reflect.DelegatingMethodAccessorImpl.invoke(DelegatingMethodAccessorImpl.java:43)
	at java.base/java.lang.reflect.Method.invoke(Method.java:566)
	at com.sun.javafx.reflect.MethodUtil.invoke(MethodUtil.java:273)
	at com.sun.javafx.fxml.MethodHelper.invoke(MethodHelper.java:83)
	at javafx.fxml.FXMLLoader.loadImpl(FXMLLoader.java:2673)
	... 72 common frames omitted
Caused by: java.lang.NullPointerException: null
	at org.but.feec.footballdb.controllers.UserDeleteController.initialize(UserDeleteController.java:53)
	... 83 common frames omitted
11553 [JavaFX Application Thread] INFO  o.b.f.f.controllers.UserController - UserController initialized
13175 [JavaFX Application Thread] INFO  o.b.f.f.c.UserDeleteController - UserInfoController initialized
17838 [JavaFX Application Thread] INFO  o.b.f.f.controllers.UserController - UserController initialized
18708 [JavaFX Application Thread] INFO  o.b.f.f.controllers.UserController - UserController initialized
18994 [JavaFX Application Thread] INFO  o.b.f.f.controllers.UserController - UserController initialized
19176 [JavaFX Application Thread] INFO  o.b.f.f.controllers.UserController - UserController initialized
19442 [JavaFX Application Thread] INFO  o.b.f.f.controllers.UserController - UserController initialized
19970 [JavaFX Application Thread] INFO  o.b.f.f.controllers.UserController - UserController initialized
20732 [JavaFX Application Thread] INFO  o.b.f.f.controllers.UserController - UserController initialized
10930 [JavaFX Application Thread] INFO  o.b.f.f.controllers.UserController - UserController initialized
12894 [JavaFX Application Thread] INFO  o.b.f.f.c.UserDeleteController - UserInfoController initialized
14854 [JavaFX Application Thread] INFO  o.b.f.f.controllers.UserController - UserController initialized
16091 [JavaFX Application Thread] INFO  o.b.f.f.controllers.UserController - UserController initialized
16571 [JavaFX Application Thread] INFO  o.b.f.f.controllers.UserController - UserController initialized
17187 [JavaFX Application Thread] INFO  o.b.f.f.controllers.UserController - UserController initialized
13180 [JavaFX Application Thread] INFO  o.b.f.f.controllers.UserController - UserController initialized
14927 [JavaFX Application Thread] INFO  o.b.f.f.c.UserDeleteController - UserInfoController initialized
18064 [JavaFX Application Thread] INFO  o.b.f.f.controllers.UserController - UserController initialized
18797 [JavaFX Application Thread] INFO  o.b.f.f.controllers.UserController - UserController initialized
19547 [JavaFX Application Thread] INFO  o.b.f.f.controllers.UserController - UserController initialized
21440 [JavaFX Application Thread] INFO  o.b.f.f.controllers.UserController - UserController initialized
22916 [JavaFX Application Thread] INFO  o.b.f.f.controllers.UserController - UserController initialized
24306 [JavaFX Application Thread] INFO  o.b.f.f.controllers.UserController - UserController initialized
9666 [JavaFX Application Thread] INFO  o.b.f.f.controllers.UserController - UserController initialized
13548 [JavaFX Application Thread] INFO  o.b.f.f.c.UserDeleteController - UserInfoController initialized
16212 [JavaFX Application Thread] INFO  o.b.f.f.controllers.UserController - UserController initialized
10248 [JavaFX Application Thread] INFO  o.b.f.f.controllers.UserController - UserController initialized
11579 [JavaFX Application Thread] INFO  o.b.f.f.c.UserDeleteController - UserInfoController initialized
14169 [JavaFX Application Thread] INFO  o.b.f.f.controllers.SDController - Successfull Delete Controller initialized
25815 [JavaFX Application Thread] INFO  o.b.f.f.controllers.UserController - UserController initialized
10555 [JavaFX Application Thread] INFO  o.b.f.f.controllers.UserController - UserController initialized
12285 [JavaFX Application Thread] INFO  o.b.f.f.c.UserDeleteController - UserInfoController initialized
14692 [JavaFX Application Thread] INFO  o.b.f.f.controllers.SDController - Successfull Delete Controller initialized
16108 [JavaFX Application Thread] INFO  o.b.f.f.controllers.SDController - Successfull Delete Controller initialized
16553 [JavaFX Application Thread] INFO  o.b.f.f.controllers.SDController - Successfull Delete Controller initialized
10301 [JavaFX Application Thread] INFO  o.b.f.f.controllers.UserController - UserController initialized
12531 [JavaFX Application Thread] INFO  o.b.f.f.c.UserDeleteController - UserInfoController initialized
15667 [JavaFX Application Thread] INFO  o.b.f.f.controllers.SDController - Successfull Delete Controller initialized
11968 [JavaFX Application Thread] INFO  o.b.f.f.controllers.UserController - UserController initialized
13756 [JavaFX Application Thread] INFO  o.b.f.f.c.UserDeleteController - UserInfoController initialized
16996 [JavaFX Application Thread] INFO  o.b.f.f.controllers.SDController - Successfull Delete Controller initialized
24243 [JavaFX Application Thread] INFO  o.b.f.f.controllers.UserController - UserController initialized
27611 [JavaFX Application Thread] INFO  o.b.f.f.c.UserDeleteController - UserInfoController initialized
29890 [JavaFX Application Thread] INFO  o.b.f.f.controllers.SDController - Successfull Delete Controller initialized
11976 [JavaFX Application Thread] INFO  o.b.f.f.controllers.UserController - UserController initialized
25925 [JavaFX Application Thread] INFO  o.b.f.f.c.UserDeleteController - UserInfoController initialized
29261 [JavaFX Application Thread] INFO  o.b.f.f.controllers.SDController - Successfull Delete Controller initialized
10676 [JavaFX Application Thread] INFO  o.b.f.f.controllers.UserController - UserController initialized
13278 [JavaFX Application Thread] INFO  o.b.f.f.c.UserDeleteController - UserInfoController initialized
15901 [JavaFX Application Thread] INFO  o.b.f.f.controllers.SDController - Successfull Delete Controller initialized
20066 [JavaFX Application Thread] INFO  o.b.f.f.controllers.UserController - UserController initialized
21242 [JavaFX Application Thread] INFO  o.b.f.f.c.UserDeleteController - UserInfoController initialized
24855 [JavaFX Application Thread] INFO  o.b.f.f.controllers.USDController - Unsuccessfull Delete Controller initialized
27306 [JavaFX Application Thread] INFO  o.b.f.f.controllers.UserController - UserController initialized
10263 [JavaFX Application Thread] INFO  o.b.f.f.controllers.UserController - UserController initialized
12198 [JavaFX Application Thread] INFO  o.b.f.f.c.UserDeleteController - UserInfoController initialized
14641 [JavaFX Application Thread] INFO  o.b.f.f.controllers.USDController - Unsuccessfull Delete Controller initialized
